<?xml version="1.0" encoding="UTF-8"?>
<!-- Generated by org.testng.reporters.JUnitXMLReporter -->
<testsuite ignored="1" hostname="LAPTOP-NCMTQCEJ" failures="1" tests="8" name="Test" time="4.337" errors="0" timestamp="2022-04-11T11:13:01 IST">
  <testcase classname="testng.BasicTestNG" name="testCase2DropDownABCSelectedValue" time="0.012"/>
  <testcase classname="testng.BasicTestNG" name="testCase4" time="0.002"/>
  <testcase classname="testng.BasicTestNG" name="testCase3VerifyPageTitleAfterLoggin" time="0.001"/>
  <testcase classname="testng.Annotations" name="testCase1VerifyABCCheckboxSelected" time="0.002"/>
  <testcase classname="testng.Annotations" name="testCase2DropDownABCSelectedValue" time="0.002"/>
  <testcase classname="testng.Annotations" name="testCase3VerifyPageTitleAfterLoggin" time="0.001"/>
  <testcase classname="testng.Annotations" name="testCase4" time="0.001"/>
  <testcase classname="testng.AssertionsCls" name="verifyLoginButtonText" time="0.096">
    <failure type="java.lang.AssertionError" message="The following asserts failed:
	Login Button not expected expected [LOGIN1] but found [LOGIN]">
      <![CDATA[java.lang.AssertionError: The following asserts failed:
Login Button not expected expected [LOGIN1] but found [LOGIN]
at testng.AssertionsCls.verifyLoginButtonText(AssertionsCls.java:28)
at java.base/java.util.ArrayList.forEach(ArrayList.java:1511)
... Removed 29 stack frames]]>
    </failure>
  </testcase> <!-- verifyLoginButtonText -->
  <testcase classname="testng.BasicTestNG" name="testCase1VerifyABCCheckboxSelected" time="0.0">
    <ignored/>
  </testcase> <!-- testCase1VerifyABCCheckboxSelected -->
</testsuite> <!-- Test -->
